\BOOKMARK [1][]{section.1}{\376\377\0001\000\040\000O\000g\000\363\000l\000n\000e\000\040\000o\000k\000r\000e\001\133\000l\000e\000n\000i\000e\000\040\000w\000y\000m\000a\000g\000a\001\104}{}% 1
\BOOKMARK [1][]{section.2}{\376\377\0002\000\040\000O\000k\000r\000e\001\133\000l\000e\000n\000i\000e\000\040\000w\000y\000m\000a\000g\000a\001\104\000\040\000s\000z\000c\000z\000e\000g\000\363\001\102\000o\000w\000y\000c\000h}{}% 2
\BOOKMARK [1][]{section.3}{\376\377\0003\000\040\000P\000r\000o\000j\000e\000k\000t\000o\000w\000a\000n\000i\000e}{}% 3
\BOOKMARK [2][-]{subsection.3.1}{\376\377\0003\000.\0001\000\040\000A\000n\000d\000r\000o\000i\000d\000\040\000s\000t\000u\000d\000i\000o}{section.3}% 4
\BOOKMARK [2][-]{subsection.3.2}{\376\377\0003\000.\0002\000\040\000G\000i\000t\000h\000u\000b\000\040\000i\000\040\000G\000i\000t\000h\000u\000b\000\040\000D\000e\000s\000k\000t\000o\000p}{section.3}% 5
\BOOKMARK [1][]{section.4}{\376\377\0004\000\040\000I\000m\000p\000l\000e\000m\000e\000n\000t\000a\000c\000j\000a}{}% 6
\BOOKMARK [2][-]{subsection.4.1}{\376\377\0004\000.\0001\000\040\000P\000l\000i\000k\000i\000\040\000l\000a\000y\000o\000u\000t\000'\000u}{section.4}% 7
\BOOKMARK [3][-]{subsubsection.4.1.1}{\376\377\0004\000.\0001\000.\0001\000\040\000a\000c\000t\000i\000v\000i\000t\000y\000\137\000s\000t\000a\000r\000t}{subsection.4.1}% 8
\BOOKMARK [3][-]{subsubsection.4.1.2}{\376\377\0004\000.\0001\000.\0002\000\040\000a\000c\000t\000i\000v\000i\000t\000y\000\137\000m\000a\000i\000n}{subsection.4.1}% 9
\BOOKMARK [3][-]{subsubsection.4.1.3}{\376\377\0004\000.\0001\000.\0003\000\040\000f\000r\000a\000g\000m\000e\000n\000t\000\137\000a\000b\000o\000u\000t}{subsection.4.1}% 10
\BOOKMARK [3][-]{subsubsection.4.1.4}{\376\377\0004\000.\0001\000.\0004\000\040\000f\000r\000a\000g\000m\000e\000n\000t\000\137\000n\000a\000m\000e\000\137\000i\000n\000p\000u\000t\000.\000x\000m\000l}{subsection.4.1}% 11
\BOOKMARK [2][-]{subsection.4.2}{\376\377\0004\000.\0002\000\040\000P\000l\000i\000k\000i\000\040\000v\000a\000l\000u\000e\000s}{section.4}% 12
\BOOKMARK [3][-]{subsubsection.4.2.1}{\376\377\0004\000.\0002\000.\0001\000\040\000P\000l\000i\000k\000\040\000c\000o\000l\000o\000r\000s\000.\000x\000m\000l}{subsection.4.2}% 13
\BOOKMARK [3][-]{subsubsection.4.2.2}{\376\377\0004\000.\0002\000.\0002\000\040\000P\000l\000i\000k\000\040\000s\000t\000r\000i\000n\000g\000s\000.\000x\000m\000l}{subsection.4.2}% 14
\BOOKMARK [3][-]{subsubsection.4.2.3}{\376\377\0004\000.\0002\000.\0003\000\040\000P\000l\000i\000k\000\040\000t\000h\000e\000m\000e\000s\000.\000x\000m\000l}{subsection.4.2}% 15
\BOOKMARK [2][-]{subsection.4.3}{\376\377\0004\000.\0003\000\040\000A\000n\000d\000r\000o\000i\000d\000M\000a\000n\000i\000f\000e\000s\000t\000.\000x\000m\000l}{section.4}% 16
\BOOKMARK [1][]{section.5}{\376\377\0005\000\040\000T\000e\000s\000t\000o\000w\000a\000n\000i\000e}{}% 17
\BOOKMARK [1][]{section.6}{\376\377\0006\000\040\000P\000o\000d\000r\001\031\000c\000z\000n\000i\000k\000\040\000u\001\174\000y\000t\000k\000o\000w\000n\000i\000k\000a}{}% 18
\BOOKMARK [1][]{figure.caption.20}{\376\377\000L\000i\000t\000e\000r\000a\000t\000u\000r\000a}{}% 19
\BOOKMARK [1][]{section*.21}{\376\377\000S\000p\000i\000s\000\040\000r\000y\000s\000u\000n\000k\000\363\000w}{}% 20
\BOOKMARK [1][]{section*.21}{\376\377\000S\000p\000i\000s\000\040\000t\000a\000b\000e\000l}{}% 21
\BOOKMARK [1][]{section*.21}{\376\377\000S\000p\000i\000s\000\040\000l\000i\000s\000t\000i\000n\000g\000\363\000w}{}% 22
