This is pdfTeX, Version 3.141592653-2.6-1.40.25 (TeX Live 2023) (preloaded format=pdflatex 2024.1.12)  19 JAN 2024 21:49
entering extended mode
 restricted \write18 enabled.
 %&-line parsing enabled.
**dokument.tex
(./dokument.tex
LaTeX2e <2023-11-01>
L3 programming layer <2024-01-04>
(c:/texlive/2023/texmf-dist/tex/latex/base/article.cls
Document Class: article 2023/05/17 v1.4n Standard LaTeX document class
(c:/texlive/2023/texmf-dist/tex/latex/base/size12.clo
File: size12.clo 2023/05/17 v1.4n Standard LaTeX file (size option)
)
\c@part=\count187
\c@section=\count188
\c@subsection=\count189
\c@subsubsection=\count190
\c@paragraph=\count191
\c@subparagraph=\count192
\c@figure=\count193
\c@table=\count194
\abovecaptionskip=\skip48
\belowcaptionskip=\skip49
\bibindent=\dimen140
)
(./preambula_pakiety.tex
(c:/texlive/2023/texmf-dist/tex/latex/jknapltx/mathrsfs.sty
Package: mathrsfs 1996/01/01 Math RSFS package v1.0 (jk)
\symrsfs=\mathgroup4
)
(c:/texlive/2023/texmf-dist/tex/latex/amsfonts/eucal.sty
Package: eucal 2009/06/22 v3.00 Euler Script fonts
LaTeX Font Info:    Overwriting math alphabet `\EuScript' in version `bold'
(Font)                  U/eus/m/n --> U/eus/b/n on input line 33.
)
(c:/texlive/2023/texmf-dist/tex/latex/amsfonts/amssymb.sty
Package: amssymb 2013/01/14 v3.01 AMS font symbols

(c:/texlive/2023/texmf-dist/tex/latex/amsfonts/amsfonts.sty
Package: amsfonts 2013/01/14 v3.01 Basic AMSFonts support
\@emptytoks=\toks17
\symAMSa=\mathgroup5
\symAMSb=\mathgroup6
LaTeX Font Info:    Redeclaring math symbol \hbar on input line 98.
LaTeX Font Info:    Overwriting math alphabet `\mathfrak' in version `bold'
(Font)                  U/euf/m/n --> U/euf/b/n on input line 106.
))
(c:/texlive/2023/texmf-dist/tex/latex/amsmath/amsmath.sty
Package: amsmath 2023/05/13 v2.17o AMS math features
\@mathmargin=\skip50

For additional information on amsmath, use the `?' option.
(c:/texlive/2023/texmf-dist/tex/latex/amsmath/amstext.sty
Package: amstext 2021/08/26 v2.01 AMS text

(c:/texlive/2023/texmf-dist/tex/latex/amsmath/amsgen.sty
File: amsgen.sty 1999/11/30 v2.0 generic functions
\@emptytoks=\toks18
\ex@=\dimen141
))
(c:/texlive/2023/texmf-dist/tex/latex/amsmath/amsbsy.sty
Package: amsbsy 1999/11/29 v1.2d Bold Symbols
\pmbraise@=\dimen142
)
(c:/texlive/2023/texmf-dist/tex/latex/amsmath/amsopn.sty
Package: amsopn 2022/04/08 v2.04 operator names
)
\inf@bad=\count195
LaTeX Info: Redefining \frac on input line 234.
\uproot@=\count196
\leftroot@=\count197
LaTeX Info: Redefining \overline on input line 399.
LaTeX Info: Redefining \colon on input line 410.
\classnum@=\count198
\DOTSCASE@=\count199
LaTeX Info: Redefining \ldots on input line 496.
LaTeX Info: Redefining \dots on input line 499.
LaTeX Info: Redefining \cdots on input line 620.
\Mathstrutbox@=\box51
\strutbox@=\box52
LaTeX Info: Redefining \big on input line 722.
LaTeX Info: Redefining \Big on input line 723.
LaTeX Info: Redefining \bigg on input line 724.
LaTeX Info: Redefining \Bigg on input line 725.
\big@size=\dimen143
LaTeX Font Info:    Redeclaring font encoding OML on input line 743.
LaTeX Font Info:    Redeclaring font encoding OMS on input line 744.
\macc@depth=\count266
LaTeX Info: Redefining \bmod on input line 905.
LaTeX Info: Redefining \pmod on input line 910.
LaTeX Info: Redefining \smash on input line 940.
LaTeX Info: Redefining \relbar on input line 970.
LaTeX Info: Redefining \Relbar on input line 971.
\c@MaxMatrixCols=\count267
\dotsspace@=\muskip16
\c@parentequation=\count268
\dspbrk@lvl=\count269
\tag@help=\toks19
\row@=\count270
\column@=\count271
\maxfields@=\count272
\andhelp@=\toks20
\eqnshift@=\dimen144
\alignsep@=\dimen145
\tagshift@=\dimen146
\tagwidth@=\dimen147
\totwidth@=\dimen148
\lineht@=\dimen149
\@envbody=\toks21
\multlinegap=\skip51
\multlinetaggap=\skip52
\mathdisplay@stack=\toks22
LaTeX Info: Redefining \[ on input line 2953.
LaTeX Info: Redefining \] on input line 2954.
)
(c:/texlive/2023/texmf-dist/tex/generic/babel/babel.sty
Package: babel 2024/01/07 v24.1 The Babel package
\babel@savecnt=\count273
\U@D=\dimen150
\l@unhyphenated=\language89

(c:/texlive/2023/texmf-dist/tex/generic/babel/txtbabel.def)
\bbl@readstream=\read2
\bbl@dirlevel=\count274

(c:/texlive/2023/texmf-dist/tex/generic/babel-polish/polish.ldf
Language: polish 2022/03/12 1.3 Babel support for Polish
Package babel Info: Making " an active character on input line 101.
))
(c:/texlive/2023/texmf-dist/tex/generic/babel/locale/pl/babel-polish.tex
Package babel Info: Importing font and identification data for polish
(babel)             from babel-pl.ini. Reported on input line 11.
)
(c:/texlive/2023/texmf-dist/tex/latex/polski/polski.sty
Package: polski 2021/08/25 v1.3.6 Polish language package

(c:/texlive/2023/texmf-dist/tex/latex/base/ot4enc.def
File: ot4enc.def 2021/04/29 v2.0v Standard LaTeX file
Now handling font encoding OT4 ...
... no UTF-8 mapping file for font encoding OT4
))
(c:/texlive/2023/texmf-dist/tex/latex/graphics/color.sty
Package: color 2022/01/06 v1.3d Standard LaTeX Color (DPC)

(c:/texlive/2023/texmf-dist/tex/latex/graphics-cfg/color.cfg
File: color.cfg 2016/01/02 v1.6 sample color configuration
)
Package color Info: Driver file: pdftex.def on input line 149.

(c:/texlive/2023/texmf-dist/tex/latex/graphics-def/pdftex.def
File: pdftex.def 2022/09/22 v1.2b Graphics/color driver for pdftex
)
(c:/texlive/2023/texmf-dist/tex/latex/graphics/dvipsnam.def
File: dvipsnam.def 2016/06/17 v3.0m Driver-dependent file (DPC,SPQR)
)
(c:/texlive/2023/texmf-dist/tex/latex/graphics/mathcolor.ltx))
(c:/texlive/2023/texmf-dist/tex/latex/hyperref/hyperref.sty
Package: hyperref 2023-11-26 v7.01g Hypertext links for LaTeX

(c:/texlive/2023/texmf-dist/tex/generic/iftex/iftex.sty
Package: iftex 2022/02/03 v1.0f TeX engine tests
)
(c:/texlive/2023/texmf-dist/tex/generic/infwarerr/infwarerr.sty
Package: infwarerr 2019/12/03 v1.5 Providing info/warning/error messages (HO)
)
(c:/texlive/2023/texmf-dist/tex/latex/graphics/keyval.sty
Package: keyval 2022/05/29 v1.15 key=value parser (DPC)
\KV@toks@=\toks23
)
(c:/texlive/2023/texmf-dist/tex/latex/kvsetkeys/kvsetkeys.sty
Package: kvsetkeys 2022-10-05 v1.19 Key value parser (HO)
)
(c:/texlive/2023/texmf-dist/tex/generic/kvdefinekeys/kvdefinekeys.sty
Package: kvdefinekeys 2019-12-19 v1.6 Define keys (HO)
)
(c:/texlive/2023/texmf-dist/tex/generic/pdfescape/pdfescape.sty
Package: pdfescape 2019/12/09 v1.15 Implements pdfTeX's escape features (HO)

(c:/texlive/2023/texmf-dist/tex/generic/ltxcmds/ltxcmds.sty
Package: ltxcmds 2023-12-04 v1.26 LaTeX kernel commands for general use (HO)
)
(c:/texlive/2023/texmf-dist/tex/generic/pdftexcmds/pdftexcmds.sty
Package: pdftexcmds 2020-06-27 v0.33 Utility functions of pdfTeX for LuaTeX (HO
)
Package pdftexcmds Info: \pdf@primitive is available.
Package pdftexcmds Info: \pdf@ifprimitive is available.
Package pdftexcmds Info: \pdfdraftmode found.
))
(c:/texlive/2023/texmf-dist/tex/latex/hycolor/hycolor.sty
Package: hycolor 2020-01-27 v1.10 Color options for hyperref/bookmark (HO)
)
(c:/texlive/2023/texmf-dist/tex/latex/letltxmacro/letltxmacro.sty
Package: letltxmacro 2019/12/03 v1.6 Let assignment for LaTeX macros (HO)
)
(c:/texlive/2023/texmf-dist/tex/latex/auxhook/auxhook.sty
Package: auxhook 2019-12-17 v1.6 Hooks for auxiliary files (HO)
)
(c:/texlive/2023/texmf-dist/tex/latex/hyperref/nameref.sty
Package: nameref 2023-11-26 v2.56 Cross-referencing by name of section

(c:/texlive/2023/texmf-dist/tex/latex/refcount/refcount.sty
Package: refcount 2019/12/15 v3.6 Data extraction from label references (HO)
)
(c:/texlive/2023/texmf-dist/tex/generic/gettitlestring/gettitlestring.sty
Package: gettitlestring 2019/12/15 v1.6 Cleanup title references (HO)

(c:/texlive/2023/texmf-dist/tex/latex/kvoptions/kvoptions.sty
Package: kvoptions 2022-06-15 v3.15 Key value format for package options (HO)
))
\c@section@level=\count275
)
(c:/texlive/2023/texmf-dist/tex/latex/etoolbox/etoolbox.sty
Package: etoolbox 2020/10/05 v2.5k e-TeX tools for LaTeX (JAW)
\etb@tempcnta=\count276
)
\@linkdim=\dimen151
\Hy@linkcounter=\count277
\Hy@pagecounter=\count278

(c:/texlive/2023/texmf-dist/tex/latex/hyperref/pd1enc.def
File: pd1enc.def 2023-11-26 v7.01g Hyperref: PDFDocEncoding definition (HO)
Now handling font encoding PD1 ...
... no UTF-8 mapping file for font encoding PD1
)
(c:/texlive/2023/texmf-dist/tex/generic/intcalc/intcalc.sty
Package: intcalc 2019/12/15 v1.3 Expandable calculations with integers (HO)
)
\Hy@SavedSpaceFactor=\count279

(c:/texlive/2023/texmf-dist/tex/latex/hyperref/puenc.def
File: puenc.def 2023-11-26 v7.01g Hyperref: PDF Unicode definition (HO)
Now handling font encoding PU ...
... no UTF-8 mapping file for font encoding PU
)
Package hyperref Info: Option `draft' set `false' on input line 4064.
Package hyperref Info: Option `pdfpagelabels' set `false' on input line 4064.
Package hyperref Info: Option `colorlinks' set `true' on input line 4064.
Package hyperref Info: Option `bookmarks' set `true' on input line 4064.
Package hyperref Info: Option `bookmarksopen' set `true' on input line 4064.
Package hyperref Info: Option `bookmarksnumbered' set `true' on input line 4064
.
Package hyperref Info: Option `unicode' set `true' on input line 4064.
Package hyperref Info: Hyper figures OFF on input line 4181.
Package hyperref Info: Link nesting OFF on input line 4186.
Package hyperref Info: Hyper index ON on input line 4189.
Package hyperref Info: Plain pages OFF on input line 4196.
Package hyperref Info: Backreferencing OFF on input line 4201.
Package hyperref Info: Implicit mode ON; LaTeX internals redefined.
Package hyperref Info: Bookmarks ON on input line 4448.
\c@Hy@tempcnt=\count280

(c:/texlive/2023/texmf-dist/tex/latex/url/url.sty
\Urlmuskip=\muskip17
Package: url 2013/09/16  ver 3.4  Verb mode for urls, etc.
)
LaTeX Info: Redefining \url on input line 4786.
\XeTeXLinkMargin=\dimen152

(c:/texlive/2023/texmf-dist/tex/generic/bitset/bitset.sty
Package: bitset 2019/12/09 v1.3 Handle bit-vector datatype (HO)

(c:/texlive/2023/texmf-dist/tex/generic/bigintcalc/bigintcalc.sty
Package: bigintcalc 2019/12/15 v1.5 Expandable calculations on big integers (HO
)
))
\Fld@menulength=\count281
\Field@Width=\dimen153
\Fld@charsize=\dimen154
Package hyperref Info: Hyper figures OFF on input line 6065.
Package hyperref Info: Link nesting OFF on input line 6070.
Package hyperref Info: Hyper index ON on input line 6073.
Package hyperref Info: backreferencing OFF on input line 6080.
Package hyperref Info: Link coloring ON on input line 6083.
Package hyperref Info: Link coloring with OCG OFF on input line 6090.
Package hyperref Info: PDF/A mode OFF on input line 6095.

(c:/texlive/2023/texmf-dist/tex/latex/base/atbegshi-ltx.sty
Package: atbegshi-ltx 2021/01/10 v1.0c Emulation of the original atbegshi
package with kernel methods
)
\c@Item=\count282
\c@Hfootnote=\count283
)
Package hyperref Info: Driver: hpdftex.

(c:/texlive/2023/texmf-dist/tex/latex/hyperref/hpdftex.def
File: hpdftex.def 2023-11-26 v7.01g Hyperref driver for pdfTeX
\Fld@listcount=\count284
\c@bookmark@seq@number=\count285

(c:/texlive/2023/texmf-dist/tex/latex/rerunfilecheck/rerunfilecheck.sty
Package: rerunfilecheck 2022-07-10 v1.10 Rerun checks for auxiliary files (HO)

(c:/texlive/2023/texmf-dist/tex/latex/base/atveryend-ltx.sty
Package: atveryend-ltx 2020/08/19 v1.0a Emulation of the original atveryend pac
kage
with kernel methods
)
(c:/texlive/2023/texmf-dist/tex/generic/uniquecounter/uniquecounter.sty
Package: uniquecounter 2019/12/15 v1.4 Provide unlimited unique counter (HO)
)
Package uniquecounter Info: New unique counter `rerunfilecheck' on input line 2
85.
)
\Hy@SectionHShift=\skip53
)
(c:/texlive/2023/texmf-dist/tex/latex/biblatex/biblatex.sty
Package: biblatex 2023/03/05 v3.19 programmable bibliographies (PK/MW)

(c:/texlive/2023/texmf-dist/tex/latex/logreq/logreq.sty
Package: logreq 2010/08/04 v1.0 xml request logger
\lrq@indent=\count286

(c:/texlive/2023/texmf-dist/tex/latex/logreq/logreq.def
File: logreq.def 2010/08/04 v1.0 logreq spec v1.0
))
(c:/texlive/2023/texmf-dist/tex/latex/base/ifthen.sty
Package: ifthen 2022/04/13 v1.1d Standard LaTeX ifthen package (DPC)
)
\c@tabx@nest=\count287
\c@listtotal=\count288
\c@listcount=\count289
\c@liststart=\count290
\c@liststop=\count291
\c@citecount=\count292
\c@citetotal=\count293
\c@multicitecount=\count294
\c@multicitetotal=\count295
\c@instcount=\count296
\c@maxnames=\count297
\c@minnames=\count298
\c@maxitems=\count299
\c@minitems=\count300
\c@citecounter=\count301
\c@maxcitecounter=\count302
\c@savedcitecounter=\count303
\c@uniquelist=\count304
\c@uniquename=\count305
\c@refsection=\count306
\c@refsegment=\count307
\c@maxextratitle=\count308
\c@maxextratitleyear=\count309
\c@maxextraname=\count310
\c@maxextradate=\count311
\c@maxextraalpha=\count312
\c@abbrvpenalty=\count313
\c@highnamepenalty=\count314
\c@lownamepenalty=\count315
\c@maxparens=\count316
\c@parenlevel=\count317
\blx@tempcnta=\count318
\blx@tempcntb=\count319
\blx@tempcntc=\count320
\c@blx@maxsection=\count321
\blx@maxsegment@0=\count322
\blx@notetype=\count323
\blx@parenlevel@text=\count324
\blx@parenlevel@foot=\count325
\blx@sectionciteorder@0=\count326
\blx@sectionciteorderinternal@0=\count327
\blx@entrysetcounter=\count328
\blx@biblioinstance=\count329
\labelnumberwidth=\skip54
\labelalphawidth=\skip55
\biblabelsep=\skip56
\bibitemsep=\skip57
\bibnamesep=\skip58
\bibinitsep=\skip59
\bibparsep=\skip60
\bibhang=\skip61
\blx@bcfin=\read3
\blx@bcfout=\write3
\blx@langwohyphens=\language90
\c@mincomprange=\count330
\c@maxcomprange=\count331
\c@mincompwidth=\count332
Package biblatex Info: Trying to load biblatex default data model...
Package biblatex Info: ... file 'blx-dm.def' found.

(c:/texlive/2023/texmf-dist/tex/latex/biblatex/blx-dm.def
File: blx-dm.def 2023/03/05 v3.19 biblatex localization (PK/MW)
)
Package biblatex Info: Trying to load biblatex style data model...
Package biblatex Info: ... file 'numeric.dbx' not found.
Package biblatex Info: Trying to load biblatex custom data model...
Package biblatex Info: ... file 'biblatex-dm.cfg' not found.
\c@afterword=\count333
\c@savedafterword=\count334
\c@annotator=\count335
\c@savedannotator=\count336
\c@author=\count337
\c@savedauthor=\count338
\c@bookauthor=\count339
\c@savedbookauthor=\count340
\c@commentator=\count341
\c@savedcommentator=\count342
\c@editor=\count343
\c@savededitor=\count344
\c@editora=\count345
\c@savededitora=\count346
\c@editorb=\count347
\c@savededitorb=\count348
\c@editorc=\count349
\c@savededitorc=\count350
\c@foreword=\count351
\c@savedforeword=\count352
\c@holder=\count353
\c@savedholder=\count354
\c@introduction=\count355
\c@savedintroduction=\count356
\c@namea=\count357
\c@savednamea=\count358
\c@nameb=\count359
\c@savednameb=\count360
\c@namec=\count361
\c@savednamec=\count362
\c@translator=\count363
\c@savedtranslator=\count364
\c@shortauthor=\count365
\c@savedshortauthor=\count366
\c@shorteditor=\count367
\c@savedshorteditor=\count368
\c@labelname=\count369
\c@savedlabelname=\count370
\c@institution=\count371
\c@savedinstitution=\count372
\c@lista=\count373
\c@savedlista=\count374
\c@listb=\count375
\c@savedlistb=\count376
\c@listc=\count377
\c@savedlistc=\count378
\c@listd=\count379
\c@savedlistd=\count380
\c@liste=\count381
\c@savedliste=\count382
\c@listf=\count383
\c@savedlistf=\count384
\c@location=\count385
\c@savedlocation=\count386
\c@organization=\count387
\c@savedorganization=\count388
\c@origlocation=\count389
\c@savedoriglocation=\count390
\c@origpublisher=\count391
\c@savedorigpublisher=\count392
\c@publisher=\count393
\c@savedpublisher=\count394
\c@language=\count395
\c@savedlanguage=\count396
\c@origlanguage=\count397
\c@savedoriglanguage=\count398
\c@pageref=\count399
\c@savedpageref=\count400
\shorthandwidth=\skip62
\shortjournalwidth=\skip63
\shortserieswidth=\skip64
\shorttitlewidth=\skip65
\shortauthorwidth=\skip66
\shorteditorwidth=\skip67
\locallabelnumberwidth=\skip68
\locallabelalphawidth=\skip69
\localshorthandwidth=\skip70
\localshortjournalwidth=\skip71
\localshortserieswidth=\skip72
\localshorttitlewidth=\skip73
\localshortauthorwidth=\skip74
\localshorteditorwidth=\skip75
Package biblatex Info: Trying to load compatibility code...
Package biblatex Info: ... file 'blx-compat.def' found.

(c:/texlive/2023/texmf-dist/tex/latex/biblatex/blx-compat.def
File: blx-compat.def 2023/03/05 v3.19 biblatex compatibility (PK/MW)
)
Package biblatex Info: Trying to load generic definitions...
Package biblatex Info: ... file 'biblatex.def' found.

(c:/texlive/2023/texmf-dist/tex/latex/biblatex/biblatex.def
File: biblatex.def 2023/03/05 v3.19 biblatex compatibility (PK/MW)
\c@textcitecount=\count401
\c@textcitetotal=\count402
\c@textcitemaxnames=\count403
\c@biburlbigbreakpenalty=\count404
\c@biburlbreakpenalty=\count405
\c@biburlnumpenalty=\count406
\c@biburlucpenalty=\count407
\c@biburllcpenalty=\count408
\biburlbigskip=\muskip18
\biburlnumskip=\muskip19
\biburlucskip=\muskip20
\biburllcskip=\muskip21
\c@smartand=\count409
)
Package biblatex Info: Trying to load bibliography style 'numeric'...
Package biblatex Info: ... file 'numeric.bbx' found.

(c:/texlive/2023/texmf-dist/tex/latex/biblatex/bbx/numeric.bbx
File: numeric.bbx 2023/03/05 v3.19 biblatex bibliography style (PK/MW)
Package biblatex Info: Trying to load bibliography style 'standard'...
Package biblatex Info: ... file 'standard.bbx' found.

(c:/texlive/2023/texmf-dist/tex/latex/biblatex/bbx/standard.bbx
File: standard.bbx 2023/03/05 v3.19 biblatex bibliography style (PK/MW)
\c@bbx:relatedcount=\count410
\c@bbx:relatedtotal=\count411
))
Package biblatex Info: Trying to load citation style 'numeric'...
Package biblatex Info: ... file 'numeric.cbx' found.

(c:/texlive/2023/texmf-dist/tex/latex/biblatex/cbx/numeric.cbx
File: numeric.cbx 2023/03/05 v3.19 biblatex citation style (PK/MW)
Package biblatex Info: Redefining '\cite'.
Package biblatex Info: Redefining '\parencite'.
Package biblatex Info: Redefining '\footcite'.
Package biblatex Info: Redefining '\footcitetext'.
Package biblatex Info: Redefining '\smartcite'.
Package biblatex Info: Redefining '\supercite'.
Package biblatex Info: Redefining '\textcite'.
Package biblatex Info: Redefining '\textcites'.
Package biblatex Info: Redefining '\cites'.
Package biblatex Info: Redefining '\parencites'.
Package biblatex Info: Redefining '\smartcites'.
)
Package biblatex Info: Trying to load configuration file...
Package biblatex Info: ... file 'biblatex.cfg' found.

(c:/texlive/2023/texmf-dist/tex/latex/biblatex/biblatex.cfg
File: biblatex.cfg 
)
Package biblatex Info: Input encoding 'utf8' detected.
Package biblatex Info: Document encoding is UTF8 ....

(c:/texlive/2023/texmf-dist/tex/latex/l3kernel/expl3.sty
Package: expl3 2024-01-04 L3 programming layer (loader) 

(c:/texlive/2023/texmf-dist/tex/latex/l3backend/l3backend-pdftex.def
File: l3backend-pdftex.def 2024-01-04 L3 backend support: PDF output (pdfTeX)
\l__color_backend_stack_int=\count412
\l__pdf_internal_box=\box53
))
Package biblatex Info: ... and expl3
(biblatex)             2024-01-04 L3 programming layer (loader) 
(biblatex)             is new enough (at least 2020/04/06),
(biblatex)             setting 'casechanger=expl3'.

(c:/texlive/2023/texmf-dist/tex/latex/biblatex/blx-case-expl3.sty
(c:/texlive/2023/texmf-dist/tex/latex/l3packages/xparse/xparse.sty
Package: xparse 2023-10-10 L3 Experimental document command parser
)
Package: blx-case-expl3 2023/03/05 v3.19 expl3 case changing code for biblatex
))
(c:/texlive/2023/texmf-dist/tex/latex/hypernat/hypernat.sty
Package: hypernat 2001/07/09 v1.0b hyperref and natbib compatibility (jb)
)
(c:/texlive/2023/texmf-dist/tex/latex/extsizes/extsizes.sty
Package: extsizes 1996/10/08 v1.0 Non Standard LaTeX Package


Package ExtSizes Warning: It is better to use one of the extsizes classes,
 if you can.

) (c:/texlive/2023/texmf-dist/tex/latex/graphics/graphicx.sty
Package: graphicx 2021/09/16 v1.2d Enhanced LaTeX Graphics (DPC,SPQR)

(c:/texlive/2023/texmf-dist/tex/latex/graphics/graphics.sty
Package: graphics 2022/03/10 v1.4e Standard LaTeX Graphics (DPC,SPQR)

(c:/texlive/2023/texmf-dist/tex/latex/graphics/trig.sty
Package: trig 2021/08/11 v1.11 sin cos tan (DPC)
)
(c:/texlive/2023/texmf-dist/tex/latex/graphics-cfg/graphics.cfg
File: graphics.cfg 2016/06/04 v1.11 sample graphics configuration
)
Package graphics Info: Driver file: pdftex.def on input line 107.
)
\Gin@req@height=\dimen155
\Gin@req@width=\dimen156
)
(c:/texlive/2023/texmf-dist/tex/latex/geometry/geometry.sty
Package: geometry 2020/01/02 v5.9 Page Geometry

(c:/texlive/2023/texmf-dist/tex/generic/iftex/ifvtex.sty
Package: ifvtex 2019/10/25 v1.7 ifvtex legacy package. Use iftex instead.
)
\Gm@cnth=\count413
\Gm@cntv=\count414
\c@Gm@tempcnt=\count415
\Gm@bindingoffset=\dimen157
\Gm@wd@mp=\dimen158
\Gm@odd@mp=\dimen159
\Gm@even@mp=\dimen160
\Gm@layoutwidth=\dimen161
\Gm@layoutheight=\dimen162
\Gm@layouthoffset=\dimen163
\Gm@layoutvoffset=\dimen164
\Gm@dimlist=\toks24
)
(./strona_tytulowa.sty) (c:/texlive/2023/texmf-dist/tex/latex/todo/todo.sty
Package: todo 2010/03/31 v2.4142 To-do list (Federico Garcia)
\@todotoks=\toks25
\c@todo=\count416
)
(c:/texlive/2023/texmf-dist/tex/latex/circ/circ.sty
Package: circ 1997/04/23 v1.0d for typeset circuit diagrams
\X*max=\dimen165
\X*min=\dimen166
\*X*=\dimen167
\*Y*=\dimen168
\**X=\dimen169
\**Y=\dimen170
\***X=\dimen171
\***Y=\dimen172
\*bbox=\box54
\box*=\box55
\ic*=\dimen173
\ht*=\dimen174
\wd*=\dimen175
\dp*=\dimen176
\cc*=\count417
\*spc=\dimen177
\ldd*=\toks26
\rud*=\toks27
\llpos*=\toks28
\ldpos*=\toks29
\rlpos*=\toks30
\rdpos*=\toks31
\ulpos*=\toks32
\udpos*=\toks33
\dlpos*=\toks34
\ddpos*=\toks35
\cnta*=\count418
\cntb*=\count419
\name*=\toks36
\ld*pin=\toks37
\ru*pin=\toks38
\m*pin=\toks39
\rmacros=\toks40
\outerspace=\dimen178
\*Ilist=\toks41
\*Olist=\toks42
\pin*spc=\dimen179
\pin*ind=\dimen180
\io*ind=\dimen181
\mid*ind=\dimen182
\pinnum*spc=\dimen183
\CIRCfinit=\toks43

(c:/texlive/2023/texmf-dist/tex/latex/circ/basic.def
File: basic.def 
)
(c:/texlive/2023/texmf-dist/tex/latex/circ/physics.def))
(c:/texlive/2023/texmf-dist/tex/latex/titlesec/titlesec.sty
Package: titlesec 2023/10/27 v2.16 Sectioning titles
\ttl@box=\box56
\beforetitleunit=\skip76
\aftertitleunit=\skip77
\ttl@plus=\dimen184
\ttl@minus=\dimen185
\ttl@toksa=\toks44
\titlewidth=\dimen186
\titlewidthlast=\dimen187
\titlewidthfirst=\dimen188
)
(c:/texlive/2023/texmf-dist/tex/latex/tocloft/tocloft.sty
Package: tocloft 2017/08/31 v2.3i parameterised ToC, etc., typesetting
Package tocloft Info: The document has section divisions on input line 51.
\cftparskip=\skip78
\cftbeforetoctitleskip=\skip79
\cftaftertoctitleskip=\skip80
\cftbeforepartskip=\skip81
\cftpartnumwidth=\skip82
\cftpartindent=\skip83
\cftbeforesecskip=\skip84
\cftsecindent=\skip85
\cftsecnumwidth=\skip86
\cftbeforesubsecskip=\skip87
\cftsubsecindent=\skip88
\cftsubsecnumwidth=\skip89
\cftbeforesubsubsecskip=\skip90
\cftsubsubsecindent=\skip91
\cftsubsubsecnumwidth=\skip92
\cftbeforeparaskip=\skip93
\cftparaindent=\skip94
\cftparanumwidth=\skip95
\cftbeforesubparaskip=\skip96
\cftsubparaindent=\skip97
\cftsubparanumwidth=\skip98
\cftbeforeloftitleskip=\skip99
\cftafterloftitleskip=\skip100
\cftbeforefigskip=\skip101
\cftfigindent=\skip102
\cftfignumwidth=\skip103
\c@lofdepth=\count420
\c@lotdepth=\count421
\cftbeforelottitleskip=\skip104
\cftafterlottitleskip=\skip105
\cftbeforetabskip=\skip106
\cfttabindent=\skip107
\cfttabnumwidth=\skip108
)
(c:/texlive/2023/texmf-dist/tex/latex/expdlist/expdlist.sty
Document Substyle `EXPDLIST'. Released 22.09.1999 (V 2.4)
English Documentation  22.09.99
\listpartsep=\skip109
) (c:/texlive/2023/texmf-dist/tex/latex/base/flafter.sty
Package: flafter 2021/07/31 v1.4e Standard LaTeX floats after reference (FMi)
Applying: [2015/01/01] float order in 2-column on input line 49.
Already applied: [0000/00/00] float order in 2-column on input line 151.
)
(c:/texlive/2023/texmf-dist/tex/latex/tools/array.sty
Package: array 2023/10/16 v2.5g Tabular extension package (FMi)
\col@sep=\dimen189
\ar@mcellbox=\box57
\extrarowheight=\dimen190
\NC@list=\toks45
\extratabsurround=\skip110
\backup@length=\skip111
\ar@cellbox=\box58
)
(c:/texlive/2023/texmf-dist/tex/latex/listings/listings.sty
\lst@mode=\count422
\lst@gtempboxa=\box59
\lst@token=\toks46
\lst@length=\count423
\lst@currlwidth=\dimen191
\lst@column=\count424
\lst@pos=\count425
\lst@lostspace=\dimen192
\lst@width=\dimen193
\lst@newlines=\count426
\lst@lineno=\count427
\lst@maxwidth=\dimen194

(c:/texlive/2023/texmf-dist/tex/latex/listings/lstmisc.sty
File: lstmisc.sty 2023/02/27 1.9 (Carsten Heinz)
\c@lstnumber=\count428
\lst@skipnumbers=\count429
\lst@framebox=\box60
)
(c:/texlive/2023/texmf-dist/tex/latex/listings/listings.cfg
File: listings.cfg 2023/02/27 1.9 listings configuration
))
Package: listings 2023/02/27 1.9 (Carsten Heinz)

(c:/texlive/2023/texmf-dist/tex/latex/caption/caption.sty
Package: caption 2023/08/05 v3.6o Customizing captions (AR)

(c:/texlive/2023/texmf-dist/tex/latex/caption/caption3.sty
Package: caption3 2023/07/31 v2.4d caption3 kernel (AR)
\caption@tempdima=\dimen195
\captionmargin=\dimen196
\caption@leftmargin=\dimen197
\caption@rightmargin=\dimen198
\caption@width=\dimen199
\caption@indent=\dimen256
\caption@parindent=\dimen257
\caption@hangindent=\dimen258
Package caption Info: Standard document class detected.
)
\c@caption@flags=\count430
\c@continuedfloat=\count431
Package caption Info: hyperref package is loaded.
Package caption Info: listings package is loaded.
)
(c:/texlive/2023/texmf-dist/tex/latex/appendix/appendix.sty
Package: appendix 2020/02/08 v1.2c extra appendix facilities
\c@@pps=\count432
\c@@ppsavesec=\count433
\c@@ppsaveapp=\count434
)
(c:/texlive/2023/texmf-dist/tex/latex/floatflt/floatflt.sty
Package: floatflt 1997/07/16 v. 1.31
\c@OptionTest=\count435
\figbox=\box61
\tabbox=\box62
\pagebox=\box63
\ffigcount=\count436
\ftabcount=\count437
\fftest=\count438
\hangcount=\count439
\nosuccesstryfig=\count440
\nosuccesstrytab=\count441
\figgutter=\dimen259
\tabgutter=\dimen260
\htdone=\dimen261
\pageht=\dimen262
\startpageht=\dimen263
\tabbredd=\dimen264
\floatfltwidth=\dimen265
\fltitemwidth=\dimen266
\outputpretest=\toks47
)
(c:/texlive/2023/texmf-dist/tex/latex/here/here.sty)
(c:/texlive/2023/texmf-dist/tex/latex/float/float.sty
Package: float 2001/11/08 v1.3d Float enhancements (AL)
\c@float@type=\count442
\float@exts=\toks48
\float@box=\box64
\@float@everytoks=\toks49
\@floatcapt=\box65
)
(c:/texlive/2023/texmf-dist/tex/latex/base/makeidx.sty
Package: makeidx 2021/10/04 v1.0m Standard LaTeX package
)
(c:/texlive/2023/texmf-dist/tex/latex/sectsty/sectsty.sty
Package: sectsty 2002/02/25 v2.0.2 Commands to change all sectional heading sty
les


LaTeX Warning: Command \underbar  has changed.
               Check if current package is valid.


LaTeX Warning: Command \underline  has changed.
               Check if current package is valid.

) (c:/texlive/2023/texmf-dist/tex/latex/tools/longtable.sty
Package: longtable 2023-11-01 v4.19 Multi-page Table package (DPC)
\LTleft=\skip112
\LTright=\skip113
\LTpre=\skip114
\LTpost=\skip115
\LTchunksize=\count443
\LTcapwidth=\dimen267
\LT@head=\box66
\LT@firsthead=\box67
\LT@foot=\box68
\LT@lastfoot=\box69
\LT@gbox=\box70
\LT@cols=\count444
\LT@rows=\count445
\c@LT@tables=\count446
\c@LT@chunks=\count447
\LT@p@ftn=\toks50
)
(c:/texlive/2023/texmf-dist/tex/latex/xcolor/xcolor.sty
Package: xcolor 2023/11/15 v3.01 LaTeX color extensions (UK)

(c:/texlive/2023/texmf-dist/tex/latex/graphics-cfg/color.cfg
File: color.cfg 2016/01/02 v1.6 sample color configuration
)
Package xcolor Info: Driver file: pdftex.def on input line 274.
LaTeX Info: Redefining \color on input line 758.

(c:/texlive/2023/texmf-dist/tex/latex/graphics/mathcolor.ltx)
Package xcolor Info: Model `cmy' substituted by `cmy0' on input line 1350.
Package xcolor Info: Model `hsb' substituted by `rgb' on input line 1354.
Package xcolor Info: Model `RGB' extended on input line 1366.
Package xcolor Info: Model `HTML' substituted by `rgb' on input line 1368.
Package xcolor Info: Model `Hsb' substituted by `hsb' on input line 1369.
Package xcolor Info: Model `tHsb' substituted by `hsb' on input line 1370.
Package xcolor Info: Model `HSB' substituted by `hsb' on input line 1371.
Package xcolor Info: Model `Gray' substituted by `gray' on input line 1372.
Package xcolor Info: Model `wave' substituted by `hsb' on input line 1373.
)
(c:/texlive/2023/texmf-dist/tex/latex/fancyhdr/fancyhdr.sty
Package: fancyhdr 2022/11/09 v4.1 Extensive control of page headers and footers

\f@nch@headwidth=\skip116
\f@nch@O@elh=\skip117
\f@nch@O@erh=\skip118
\f@nch@O@olh=\skip119
\f@nch@O@orh=\skip120
\f@nch@O@elf=\skip121
\f@nch@O@erf=\skip122
\f@nch@O@olf=\skip123
\f@nch@O@orf=\skip124
))
(./preambula_ustawienia.tex)
(c:/texlive/2023/texmf-dist/tex/latex/fancyvrb/fancyvrb.sty
Package: fancyvrb 2023/11/06 4.5b verbatim text (tvz,hv)
\FV@CodeLineNo=\count448
\FV@InFile=\read4
\FV@TabBox=\box71
\c@FancyVerbLine=\count449
\FV@StepNumber=\count450
\FV@OutFile=\write4
)

Package biblatex Warning: 'babel/polyglossia' detected but 'csquotes' missing.
(biblatex)                Loading 'csquotes' recommended.

\@quotelevel=\count451
\@quotereset=\count452
LaTeX Font Info:    Trying to load font information for OT4+cmr on input line 3
6.
(c:/texlive/2023/texmf-dist/tex/latex/polski/ot4cmr.fd
File: ot4cmr.fd 2008/02/24 v1.2.1 Font defs for fonts PL (MW)
)

LaTeX Warning: Unused global option(s):
    [openany].

(./dokument.aux

LaTeX Warning: Label `lst:kod.xml' multiply defined.


LaTeX Warning: Label `lst:kod.xml' multiply defined.


LaTeX Warning: Label `lst:kod.xml' multiply defined.


LaTeX Warning: Label `lst:kod.xml' multiply defined.


LaTeX Warning: Label `lst:kod.xml' multiply defined.


LaTeX Warning: Label `lst:kod.xml' multiply defined.

)
\openout1 = `dokument.aux'.

LaTeX Font Info:    Checking defaults for OML/cmm/m/it on input line 36.
LaTeX Font Info:    ... okay on input line 36.
LaTeX Font Info:    Checking defaults for OMS/cmsy/m/n on input line 36.
LaTeX Font Info:    ... okay on input line 36.
LaTeX Font Info:    Checking defaults for OT1/cmr/m/n on input line 36.
LaTeX Font Info:    ... okay on input line 36.
LaTeX Font Info:    Checking defaults for T1/cmr/m/n on input line 36.
LaTeX Font Info:    ... okay on input line 36.
LaTeX Font Info:    Checking defaults for TS1/cmr/m/n on input line 36.
LaTeX Font Info:    ... okay on input line 36.
LaTeX Font Info:    Checking defaults for OMX/cmex/m/n on input line 36.
LaTeX Font Info:    ... okay on input line 36.
LaTeX Font Info:    Checking defaults for U/cmr/m/n on input line 36.
LaTeX Font Info:    ... okay on input line 36.
LaTeX Font Info:    Checking defaults for OT4/cmr/m/n on input line 36.
LaTeX Font Info:    ... okay on input line 36.
LaTeX Font Info:    Checking defaults for PD1/pdf/m/n on input line 36.
LaTeX Font Info:    ... okay on input line 36.
LaTeX Font Info:    Checking defaults for PU/pdf/m/n on input line 36.
LaTeX Font Info:    ... okay on input line 36.
 (c:/texlive/2023/texmf-dist/tex/context/base/mkii/supp-pdf.mkii
[Loading MPS to PDF converter (version 2006.09.02).]
\scratchcounter=\count453
\scratchdimen=\dimen268
\scratchbox=\box72
\nofMPsegments=\count454
\nofMParguments=\count455
\everyMPshowfont=\toks51
\MPscratchCnt=\count456
\MPscratchDim=\dimen269
\MPnumerator=\count457
\makeMPintoPDFobject=\count458
\everyMPtoPDFconversion=\toks52
) (c:/texlive/2023/texmf-dist/tex/latex/epstopdf-pkg/epstopdf-base.sty
Package: epstopdf-base 2020-01-24 v2.11 Base part for package epstopdf
Package epstopdf-base Info: Redefining graphics rule for `.eps' on input line 4
85.

(c:/texlive/2023/texmf-dist/tex/latex/latexconfig/epstopdf-sys.cfg
File: epstopdf-sys.cfg 2010/07/13 v1.3 Configuration of (r)epstopdf for TeX Liv
e
))
Package hyperref Info: Link coloring ON on input line 36.

(./dokument.out) (./dokument.out)
\@outlinefile=\write5
\openout5 = `dokument.out'.

Package biblatex Info: Trying to load language 'polish'...
Package biblatex Info: ... file 'polish.lbx' found.

(c:/texlive/2023/texmf-dist/tex/latex/biblatex/lbx/polish.lbx
File: polish.lbx 2023/03/05 v3.19 biblatex localization (PK/MW)
)
Package biblatex Info: Input encoding 'utf8' detected.
Package biblatex Info: Automatic encoding selection.
(biblatex)             Assuming data encoding 'utf8'.
\openout3 = `dokument.bcf'.

Package biblatex Info: Trying to load bibliographic data...
Package biblatex Info: ... file 'dokument.bbl' found.
 (./dokument.bbl)
Package biblatex Info: Reference section=0 on input line 36.
Package biblatex Info: Reference segment=0 on input line 36.
*geometry* driver: auto-detecting
*geometry* detected driver: pdftex
*geometry* verbose mode - [ preamble ] result:
* driver: pdftex
* paper: a4paper
* layout: <same size as paper>
* layoutoffset:(h,v)=(0.0pt,0.0pt)
* modes: twoside 
* h-part:(L,W,R)=(99.58464pt, 426.79135pt, 71.13188pt)
* v-part:(T,H,B)=(71.13188pt, 702.78308pt, 71.13188pt)
* \paperwidth=597.50787pt
* \paperheight=845.04684pt
* \textwidth=426.79135pt
* \textheight=702.78308pt
* \oddsidemargin=27.31465pt
* \evensidemargin=-1.1381pt
* \topmargin=-38.1381pt
* \headheight=12.0pt
* \headsep=25.0pt
* \topskip=12.0pt
* \footskip=30.0pt
* \marginparwidth=85.0pt
* \marginparsep=10.0pt
* \columnsep=10.0pt
* \skip\footins=10.8pt plus 4.0pt minus 2.0pt
* \hoffset=0.0pt
* \voffset=0.0pt
* \mag=1000
* \@twocolumnfalse
* \@twosidetrue
* \@mparswitchtrue
* \@reversemargintrue
* (1in=72.27pt=25.4mm, 1cm=28.453pt)

\c@lstlisting=\count459
Package caption Info: Begin \AtBeginDocument code.
Package caption Info: float package is loaded.
Package caption Info: floatflt package is loaded.
Package caption Info: longtable package is loaded.
(c:/texlive/2023/texmf-dist/tex/latex/caption/ltcaption.sty
Package: ltcaption 2021/01/08 v1.4c longtable captions (AR)
)
Package caption Info: End \AtBeginDocument code.
LaTeX Font Info:    Trying to load font information for OT4+cmss on input line 
41.

(c:/texlive/2023/texmf-dist/tex/latex/polski/ot4cmss.fd
File: ot4cmss.fd 2008/02/24 v1.2.1 Font defs for fonts PL (MW)
)
LaTeX Font Info:    Trying to load font information for U+rsfs on input line 41
.

(c:/texlive/2023/texmf-dist/tex/latex/jknapltx/ursfs.fd
File: ursfs.fd 1998/03/24 rsfs font definition file (jk)
)
LaTeX Font Info:    Trying to load font information for U+msa on input line 41.


(c:/texlive/2023/texmf-dist/tex/latex/amsfonts/umsa.fd
File: umsa.fd 2013/01/14 v3.01 AMS symbols A
)
LaTeX Font Info:    Trying to load font information for U+msb on input line 41.


(c:/texlive/2023/texmf-dist/tex/latex/amsfonts/umsb.fd
File: umsb.fd 2013/01/14 v3.01 AMS symbols B
) [1

{c:/texlive/2023/texmf-var/fonts/map/pdftex/updmap/pdftex.map}{c:/texlive/2023/
texmf-dist/fonts/enc/dvips/pl/plrm.enc}] (./dokument.toc)
\tf@toc=\write6
\openout6 = `dokument.toc'.



Package fancyhdr Warning: \headheight is too small (12.0pt): 
(fancyhdr)                Make it at least 22.48892pt, for example:
(fancyhdr)                \setlength{\headheight}{22.48892pt}.
(fancyhdr)                You might also make \topmargin smaller to compensate:

(fancyhdr)                \addtolength{\topmargin}{-10.48892pt}.

[2{c:/texlive/2023/texmf-dist/fonts/enc/dvips/pl/plit.enc}]
(./tex/rozdzial1.tex
<rys/Google-maps.png, id=128, 2055.68pt x 2055.68pt>
File: rys/Google-maps.png Graphic file (type png)
<use rys/Google-maps.png>
Package pdftex.def Info: rys/Google-maps.png  used on input line 8.
(pdftex.def)             Requested size: 170.71652pt x 170.69981pt.

Overfull \hbox (3.96806pt too wide) in paragraph at lines 13--14
[]\OT4/cmr/m/n/12 U»ytkownik po-wi-nien mie¢ mo»-li-wo±¢ wy-±wie-tla-nia skle-p
ów spo-»yw-czych ›abka
 []

) (./tex/rozdzial2.tex

Package fancyhdr Warning: \headheight is too small (12.0pt): 
(fancyhdr)                Make it at least 22.48892pt, for example:
(fancyhdr)                \setlength{\headheight}{22.48892pt}.
(fancyhdr)                You might also make \topmargin smaller to compensate:

(fancyhdr)                \addtolength{\topmargin}{-10.48892pt}.

[3{c:/texlive/2023/texmf-dist/fonts/enc/dvips/cm-super/cm-super-ts1.enc} <./rys
/Google-maps.png>]
<rys/android-studio.png, id=139, 513.92pt x 555.07375pt>
File: rys/android-studio.png Graphic file (type png)
<use rys/android-studio.png>
Package pdftex.def Info: rys/android-studio.png  used on input line 10.
(pdftex.def)             Requested size: 142.26378pt x 153.65787pt.

Overfull \hbox (0.12062pt too wide) in paragraph at lines 18--19
[]\OT4/cmr/m/n/12 Optymalizacja: Ulep-sza-nie wy-daj-no-±ci i re-spon-syw-no-±c
i apli-ka-cji po-przez opty-
 []

) (./tex/rozdzial3.tex

Package fancyhdr Warning: \headheight is too small (12.0pt): 
(fancyhdr)                Make it at least 22.48892pt, for example:
(fancyhdr)                \setlength{\headheight}{22.48892pt}.
(fancyhdr)                You might also make \topmargin smaller to compensate:

(fancyhdr)                \addtolength{\topmargin}{-10.48892pt}.

[4 <./rys/android-studio.png>]
<rys/giraffe.png, id=147, 1204.5pt x 632.3625pt>
File: rys/giraffe.png Graphic file (type png)
<use rys/giraffe.png>
Package pdftex.def Info: rys/giraffe.png  used on input line 9.
(pdftex.def)             Requested size: 426.79135pt x 224.07053pt.


Package fancyhdr Warning: \headheight is too small (12.0pt): 
(fancyhdr)                Make it at least 22.48892pt, for example:
(fancyhdr)                \setlength{\headheight}{22.48892pt}.
(fancyhdr)                You might also make \topmargin smaller to compensate:

(fancyhdr)                \addtolength{\topmargin}{-10.48892pt}.

[5 <./rys/giraffe.png>]
<rys/InsAndr/1.png, id=157, 375.65344pt x 292.09125pt>
File: rys/InsAndr/1.png Graphic file (type png)
<use rys/InsAndr/1.png>
Package pdftex.def Info: rys/InsAndr/1.png  used on input line 21.
(pdftex.def)             Requested size: 284.52756pt x 221.25179pt.
<rys/InsAndr/2.png, id=158, 375.65344pt x 292.09125pt>
File: rys/InsAndr/2.png Graphic file (type png)
<use rys/InsAndr/2.png>
Package pdftex.def Info: rys/InsAndr/2.png  used on input line 30.
(pdftex.def)             Requested size: 284.52756pt x 221.25179pt.
<rys/Github.png, id=161, 3854.4pt x 2168.1pt>
File: rys/Github.png Graphic file (type png)
<use rys/Github.png>
Package pdftex.def Info: rys/Github.png  used on input line 42.
(pdftex.def)             Requested size: 426.79135pt x 240.04662pt.

Underfull \vbox (badness 1033) has occurred while \output is active []



Package fancyhdr Warning: \headheight is too small (12.0pt): 
(fancyhdr)                Make it at least 22.48892pt, for example:
(fancyhdr)                \setlength{\headheight}{22.48892pt}.
(fancyhdr)                You might also make \topmargin smaller to compensate:

(fancyhdr)                \addtolength{\topmargin}{-10.48892pt}.

[6 <./rys/InsAndr/1.png> <./rys/InsAndr/2.png>]
<rys/git1.png, id=170, 700.86844pt x 527.72156pt>
File: rys/git1.png Graphic file (type png)
<use rys/git1.png>
Package pdftex.def Info: rys/git1.png  used on input line 52.
(pdftex.def)             Requested size: 426.79135pt x 321.36212pt.


Package fancyhdr Warning: \headheight is too small (12.0pt): 
(fancyhdr)                Make it at least 22.48892pt, for example:
(fancyhdr)                \setlength{\headheight}{22.48892pt}.
(fancyhdr)                You might also make \topmargin smaller to compensate:

(fancyhdr)                \addtolength{\topmargin}{-10.48892pt}.

[7 <./rys/Github.png>]
<rys/Github-desktop.png, id=180, 2055.68pt x 2055.68pt>
File: rys/Github-desktop.png Graphic file (type png)
<use rys/Github-desktop.png>
Package pdftex.def Info: rys/Github-desktop.png  used on input line 63.
(pdftex.def)             Requested size: 170.71652pt x 170.69981pt.
) (./tex/rozdzial4.tex

Package fancyhdr Warning: \headheight is too small (12.0pt): 
(fancyhdr)                Make it at least 22.48892pt, for example:
(fancyhdr)                \setlength{\headheight}{22.48892pt}.
(fancyhdr)                You might also make \topmargin smaller to compensate:

(fancyhdr)                \addtolength{\topmargin}{-10.48892pt}.

[8 <./rys/git1.png> <./rys/Github-desktop.png>]
(c:/texlive/2023/texmf-dist/tex/latex/listings/lstlang1.sty
File: lstlang1.sty 2023/02/27 1.9 listings language file
)
(c:/texlive/2023/texmf-dist/tex/latex/listings/lstmisc.sty
File: lstmisc.sty 2023/02/27 1.9 (Carsten Heinz)
)
Package hyperref Info: bookmark level for unknown lstlisting defaults to 0 on i
nput line 14.
LaTeX Font Info:    Trying to load font information for OT4+cmtt on input line 
14.

(c:/texlive/2023/texmf-dist/tex/latex/polski/ot4cmtt.fd
File: ot4cmtt.fd 2008/02/24 v1.2.1 Font defs for fonts PL (MW)
)

Package fancyhdr Warning: \headheight is too small (12.0pt): 
(fancyhdr)                Make it at least 22.48892pt, for example:
(fancyhdr)                \setlength{\headheight}{22.48892pt}.
(fancyhdr)                You might also make \topmargin smaller to compensate:

(fancyhdr)                \addtolength{\topmargin}{-10.48892pt}.

[9{c:/texlive/2023/texmf-dist/fonts/enc/dvips/pl/pltt.enc}]
Overfull \hbox (53.18512pt too wide) in paragraph at lines 50--51
[]\OT4/cmr/m/n/12 android:layout[]marginStart, an-droid:layout[]marginTop, an-d
roid:layout[]marginEnd,
 []


Package fancyhdr Warning: \headheight is too small (12.0pt): 
(fancyhdr)                Make it at least 22.48892pt, for example:
(fancyhdr)                \setlength{\headheight}{22.48892pt}.
(fancyhdr)                You might also make \topmargin smaller to compensate:

(fancyhdr)                \addtolength{\topmargin}{-10.48892pt}.

[10]
Underfull \vbox (badness 10000) has occurred while \output is active []



Package fancyhdr Warning: \headheight is too small (12.0pt): 
(fancyhdr)                Make it at least 22.48892pt, for example:
(fancyhdr)                \setlength{\headheight}{22.48892pt}.
(fancyhdr)                You might also make \topmargin smaller to compensate:

(fancyhdr)                \addtolength{\topmargin}{-10.48892pt}.

[11]

Package fancyhdr Warning: \headheight is too small (12.0pt): 
(fancyhdr)                Make it at least 22.48892pt, for example:
(fancyhdr)                \setlength{\headheight}{22.48892pt}.
(fancyhdr)                You might also make \topmargin smaller to compensate:

(fancyhdr)                \addtolength{\topmargin}{-10.48892pt}.

[12]

Package fancyhdr Warning: \headheight is too small (12.0pt): 
(fancyhdr)                Make it at least 22.48892pt, for example:
(fancyhdr)                \setlength{\headheight}{22.48892pt}.
(fancyhdr)                You might also make \topmargin smaller to compensate:

(fancyhdr)                \addtolength{\topmargin}{-10.48892pt}.

[13]
Overfull \hbox (34.73073pt too wide) in paragraph at lines 230--231
[]\OT4/cmr/m/n/12 android:layout[]width="match[]parent"i an-droid:layout[]heigh
t="match[]parent":
 []


Package fancyhdr Warning: \headheight is too small (12.0pt): 
(fancyhdr)                Make it at least 22.48892pt, for example:
(fancyhdr)                \setlength{\headheight}{22.48892pt}.
(fancyhdr)                You might also make \topmargin smaller to compensate:

(fancyhdr)                \addtolength{\topmargin}{-10.48892pt}.

[14]
Overfull \hbox (6.42633pt too wide) in paragraph at lines 243--244
[]\OT4/cmr/m/n/12 android:layout[]width="250dp"i an-droid:layout[]height="80dp"
: Usta-wiaj¡
 []


Package fancyhdr Warning: \headheight is too small (12.0pt): 
(fancyhdr)                Make it at least 22.48892pt, for example:
(fancyhdr)                \setlength{\headheight}{22.48892pt}.
(fancyhdr)                You might also make \topmargin smaller to compensate:

(fancyhdr)                \addtolength{\topmargin}{-10.48892pt}.

[15]

Package fancyhdr Warning: \headheight is too small (12.0pt): 
(fancyhdr)                Make it at least 22.48892pt, for example:
(fancyhdr)                \setlength{\headheight}{22.48892pt}.
(fancyhdr)                You might also make \topmargin smaller to compensate:

(fancyhdr)                \addtolength{\topmargin}{-10.48892pt}.

[16]

Package fancyhdr Warning: \headheight is too small (12.0pt): 
(fancyhdr)                Make it at least 22.48892pt, for example:
(fancyhdr)                \setlength{\headheight}{22.48892pt}.
(fancyhdr)                You might also make \topmargin smaller to compensate:

(fancyhdr)                \addtolength{\topmargin}{-10.48892pt}.

[17]

Package fancyhdr Warning: \headheight is too small (12.0pt): 
(fancyhdr)                Make it at least 22.48892pt, for example:
(fancyhdr)                \setlength{\headheight}{22.48892pt}.
(fancyhdr)                You might also make \topmargin smaller to compensate:

(fancyhdr)                \addtolength{\topmargin}{-10.48892pt}.

[18]
Overfull \hbox (4.15886pt too wide) in paragraph at lines 373--374
[]\OT4/cmr/m/n/12 <string name="btn[]scan¯Skanuj</string>: Okre-±la tekst na pr
zy-ci-sku "Ska-
 []


Overfull \hbox (0.5164pt too wide) in paragraph at lines 383--384
[]\OT4/cmr/m/n/12 <string name="button2¯Szukaj</string>: Okre-±la tekst na przy
-ci-sku "Szu-
 []


Package fancyhdr Warning: \headheight is too small (12.0pt): 
(fancyhdr)                Make it at least 22.48892pt, for example:
(fancyhdr)                \setlength{\headheight}{22.48892pt}.
(fancyhdr)                You might also make \topmargin smaller to compensate:

(fancyhdr)                \addtolength{\topmargin}{-10.48892pt}.

[19]
Overfull \hbox (14.26515pt too wide) in paragraph at lines 410--411
\OT4/cmr/m/n/12 dzie-dzi-czy od wbu-do-wa-nego stylu Theme.Material3.DayNight.N
oActionBar.
 []


Overfull \hbox (2.98471pt too wide) in paragraph at lines 419--420
[]\OT4/cmr/m/n/12 Wewn¦trzna sek-cja stylu Base.Theme.Finder za-wiera za-ko-men
-to-wany kod,
 []


Package fancyhdr Warning: \headheight is too small (12.0pt): 
(fancyhdr)                Make it at least 22.48892pt, for example:
(fancyhdr)                \setlength{\headheight}{22.48892pt}.
(fancyhdr)                You might also make \topmargin smaller to compensate:

(fancyhdr)                \addtolength{\topmargin}{-10.48892pt}.

[20]

Package fancyhdr Warning: \headheight is too small (12.0pt): 
(fancyhdr)                Make it at least 22.48892pt, for example:
(fancyhdr)                \setlength{\headheight}{22.48892pt}.
(fancyhdr)                You might also make \topmargin smaller to compensate:

(fancyhdr)                \addtolength{\topmargin}{-10.48892pt}.

[21]
Overfull \hbox (10.51775pt too wide) in paragraph at lines 478--479
[]$\OML/cmm/m/it/12 <$\OT4/cmr/m/n/12 uses-permission android:name="android.per
mission.INTERNET"$\OML/cmm/m/it/12 = >$\OT4/cmr/m/n/12 : Upraw-
 []


Overfull \hbox (10.51775pt too wide) in paragraph at lines 479--480
[]$\OML/cmm/m/it/12 <$\OT4/cmr/m/n/12 uses-permission android:name="android.per
mission.INTERNET"$\OML/cmm/m/it/12 = >$\OT4/cmr/m/n/12 : Upraw-
 []


Overfull \hbox (0.56506pt too wide) in paragraph at lines 480--481
[]$\OML/cmm/m/it/12 <$\OT4/cmr/m/n/12 uses-permission android:name="android.per
mission.CAMERA"$\OML/cmm/m/it/12 = >$\OT4/cmr/m/n/12 : Upraw-
 []


Overfull \hbox (9.4594pt too wide) in paragraph at lines 481--482
[]$\OML/cmm/m/it/12 <$\OT4/cmr/m/n/12 uses-feature android:name="android.hardwa
re.camera"$\OML/cmm/m/it/12 = >$\OT4/cmr/m/n/12 : Wy-ma-ga-nie funk-
 []


Overfull \hbox (53.72339pt too wide) in paragraph at lines 482--483
[]$\OML/cmm/m/it/12 <$\OT4/cmr/m/n/12 uses-permission an-droid:name="android.pe
rmission.ACCESS[]FINE[]LOCATION"$\OML/cmm/m/it/12 = >$\OT4/cmr/m/n/12 :
 []


Package fancyhdr Warning: \headheight is too small (12.0pt): 
(fancyhdr)                Make it at least 22.48892pt, for example:
(fancyhdr)                \setlength{\headheight}{22.48892pt}.
(fancyhdr)                You might also make \topmargin smaller to compensate:

(fancyhdr)                \addtolength{\topmargin}{-10.48892pt}.

[22]
Overfull \hbox (39.05325pt too wide) in paragraph at lines 484--485
[]$\OML/cmm/m/it/12 <$\OT4/cmr/m/n/12 uses-permission an-droid:name="android.pe
rmission.POST[]NOTIFICATIONS"$\OML/cmm/m/it/12 = >$\OT4/cmr/m/n/12 :
 []


Overfull \hbox (1.37895pt too wide) in paragraph at lines 485--486
[]$\OML/cmm/m/it/12 <$\OT4/cmr/m/n/12 uses-permission android:name="android.per
mission.VIBRATE"$\OML/cmm/m/it/12 = >$\OT4/cmr/m/n/12 : Upraw-
 []


Overfull \hbox (2.27713pt too wide) in paragraph at lines 491--492
[]\OT4/cmr/m/n/12 android:dataExtractionRules="@xml/data[]extraction[]rules": W
ska-za-nie re-guª
 []


Overfull \hbox (2.42282pt too wide) in paragraph at lines 492--493
[]\OT4/cmr/m/n/12 android:fullBackupContent="@xml/backup[]rules": Wska-za-nie r
e-guª peª-nej ko-
 []


Overfull \hbox (0.51463pt too wide) in paragraph at lines 495--496
[]\OT4/cmr/m/n/12 android:roundIcon="@mipmap/ic[]launcher[]round": Usta-wie-nie
 okr¡-gªej ikony
 []


Package fancyhdr Warning: \headheight is too small (12.0pt): 
(fancyhdr)                Make it at least 22.48892pt, for example:
(fancyhdr)                \setlength{\headheight}{22.48892pt}.
(fancyhdr)                You might also make \topmargin smaller to compensate:

(fancyhdr)                \addtolength{\topmargin}{-10.48892pt}.

[23]) (./tex/rozdzial5.tex

Package fancyhdr Warning: \headheight is too small (12.0pt): 
(fancyhdr)                Make it at least 22.48892pt, for example:
(fancyhdr)                \setlength{\headheight}{22.48892pt}.
(fancyhdr)                You might also make \topmargin smaller to compensate:

(fancyhdr)                \addtolength{\topmargin}{-10.48892pt}.

[24]
Underfull \hbox (badness 10000) in paragraph at lines 14--14
[]|\OT4/cmr/m/n/12 Funkcjonalno±¢ przy-ci-sku
 []


Underfull \hbox (badness 6944) in paragraph at lines 14--14
[]|\OT4/cmr/m/n/12 Aplikacja otwiera apa-rat, po
 []


Underfull \hbox (badness 10000) in paragraph at lines 14--14
\OT4/cmr/m/n/12 czym umo»-li-wia ze-ska-no-wa-nie
 []


Underfull \hbox (badness 2512) in paragraph at lines 16--16
[]|\OT4/cmr/m/n/12 Przypisanie imie-nia u»yt-
 []


Underfull \hbox (badness 10000) in paragraph at lines 20--20
[]|\OT4/cmr/m/n/12 Klikaj¡c przy-ci-ski "Po-
 []


Underfull \hbox (badness 10000) in paragraph at lines 22--22
[]|\OT4/cmr/m/n/12 Funkcjonalno±¢ przy-ci-sku
 []


Underfull \hbox (badness 3954) in paragraph at lines 22--22
[]|\OT4/cmr/m/n/12 Po klik-ni¦-ciu przy-ci-sku "Szu-
 []


Underfull \hbox (badness 4291) in paragraph at lines 22--22
\OT4/cmr/m/n/12 kaj"aplikacja prze-kie-ro-wuje do
 []


Underfull \hbox (badness 3547) in paragraph at lines 26--26
[]|\OT4/cmr/m/n/12 Po na-ci-±ni¦-ciu przy-ci-sków "O
 []


Underfull \hbox (badness 10000) in paragraph at lines 26--26
\OT4/cmr/m/n/12 nas"lub "Wer-sja"wyskakuje
 []


Underfull \hbox (badness 2856) in paragraph at lines 26--26
\OT4/cmr/m/n/12 okienko z in-for-ma-cjami, które
 []


Overfull \hbox (10.2276pt too wide) in paragraph at lines 8--29
 [][] 
 []

) (./tex/rozdzial6.tex

Package fancyhdr Warning: \headheight is too small (12.0pt): 
(fancyhdr)                Make it at least 22.48892pt, for example:
(fancyhdr)                \setlength{\headheight}{22.48892pt}.
(fancyhdr)                You might also make \topmargin smaller to compensate:

(fancyhdr)                \addtolength{\topmargin}{-10.48892pt}.

[25]
<rys/pu/1.png, id=551, 331.2375pt x 579.66562pt>
File: rys/pu/1.png Graphic file (type png)
<use rys/pu/1.png>
Package pdftex.def Info: rys/pu/1.png  used on input line 6.
(pdftex.def)             Requested size: 142.26378pt x 248.95947pt.
<rys/pu/2 .png, id=553, 327.47343pt x 581.92406pt>
File: rys/pu/2 .png Graphic file (type png)
<use rys/pu/2 .png>
Package pdftex.def Info: rys/pu/2 .png  used on input line 14.
(pdftex.def)             Requested size: 142.26378pt x 252.80638pt.
<rys/pu/10.png, id=559, 323.70938pt x 610.53094pt>
File: rys/pu/10.png Graphic file (type png)
<use rys/pu/10.png>
Package pdftex.def Info: rys/pu/10.png  used on input line 23.
(pdftex.def)             Requested size: 142.26378pt x 268.3177pt.


Package fancyhdr Warning: \headheight is too small (12.0pt): 
(fancyhdr)                Make it at least 22.48892pt, for example:
(fancyhdr)                \setlength{\headheight}{22.48892pt}.
(fancyhdr)                You might also make \topmargin smaller to compensate:

(fancyhdr)                \addtolength{\topmargin}{-10.48892pt}.

[26 <./rys/pu/1.png> <./rys/pu/2 .png>]
<rys/pu/8.png, id=568, 371.88937pt x 618.81187pt>
File: rys/pu/8.png Graphic file (type png)
<use rys/pu/8.png>
Package pdftex.def Info: rys/pu/8.png  used on input line 31.
(pdftex.def)             Requested size: 142.26378pt x 236.72781pt.
<rys/pu/9.png, id=569, 359.84438pt x 627.84563pt>
File: rys/pu/9.png Graphic file (type png)
<use rys/pu/9.png>
Package pdftex.def Info: rys/pu/9.png  used on input line 39.
(pdftex.def)             Requested size: 139.41832pt x 243.25893pt.


Package fancyhdr Warning: \headheight is too small (12.0pt): 
(fancyhdr)                Make it at least 22.48892pt, for example:
(fancyhdr)                \setlength{\headheight}{22.48892pt}.
(fancyhdr)                You might also make \topmargin smaller to compensate:

(fancyhdr)                \addtolength{\topmargin}{-10.48892pt}.

[27 <./rys/pu/10.png>]
<rys/pu/7.png, id=585, 341.02406pt x 613.54219pt>
File: rys/pu/7.png Graphic file (type png)
<use rys/pu/7.png>
Package pdftex.def Info: rys/pu/7.png  used on input line 49.
(pdftex.def)             Requested size: 142.26378pt x 255.95401pt.


Package fancyhdr Warning: \headheight is too small (12.0pt): 
(fancyhdr)                Make it at least 22.48892pt, for example:
(fancyhdr)                \setlength{\headheight}{22.48892pt}.
(fancyhdr)                You might also make \topmargin smaller to compensate:

(fancyhdr)                \addtolength{\topmargin}{-10.48892pt}.

[28 <./rys/pu/8.png> <./rys/pu/9.png>]
<rys/pu/4.png, id=596, 325.215pt x 586.44093pt>
File: rys/pu/4.png Graphic file (type png)
<use rys/pu/4.png>
Package pdftex.def Info: rys/pu/4.png  used on input line 58.
(pdftex.def)             Requested size: 142.26378pt x 256.54042pt.
<rys/pu/5.png, id=597, 314.67563pt x 587.94656pt>
File: rys/pu/5.png Graphic file (type png)
<use rys/pu/5.png>
Package pdftex.def Info: rys/pu/5.png  used on input line 66.
(pdftex.def)             Requested size: 142.26378pt x 265.80258pt.
<rys/pu/11.png, id=598, 319.1925pt x 590.95781pt>
File: rys/pu/11.png Graphic file (type png)
<use rys/pu/11.png>
Package pdftex.def Info: rys/pu/11.png  used on input line 74.
(pdftex.def)             Requested size: 142.26378pt x 263.38568pt.
<rys/pu/6.png, id=599, 339.51843pt x 596.98032pt>
File: rys/pu/6.png Graphic file (type png)
<use rys/pu/6.png>
Package pdftex.def Info: rys/pu/6.png  used on input line 82.
(pdftex.def)             Requested size: 170.71652pt x 300.17462pt.
<rys/pu/3.png, id=600, 337.26pt x 584.93532pt>
File: rys/pu/3.png Graphic file (type png)
<use rys/pu/3.png>
Package pdftex.def Info: rys/pu/3.png  used on input line 90.
(pdftex.def)             Requested size: 156.49014pt x 271.41196pt.
)

Package fancyhdr Warning: \headheight is too small (12.0pt): 
(fancyhdr)                Make it at least 22.48892pt, for example:
(fancyhdr)                \setlength{\headheight}{22.48892pt}.
(fancyhdr)                You might also make \topmargin smaller to compensate:

(fancyhdr)                \addtolength{\topmargin}{-10.48892pt}.

[29 <./rys/pu/7.png> <./rys/pu/4.png>]

Package fancyhdr Warning: \headheight is too small (12.0pt): 
(fancyhdr)                Make it at least 22.48892pt, for example:
(fancyhdr)                \setlength{\headheight}{22.48892pt}.
(fancyhdr)                You might also make \topmargin smaller to compensate:

(fancyhdr)                \addtolength{\topmargin}{-10.48892pt}.

[30 <./rys/pu/5.png> <./rys/pu/11.png>]

LaTeX Warning: Text page 31 contains only floats.


Package fancyhdr Warning: \headheight is too small (12.0pt): 
(fancyhdr)                Make it at least 22.48892pt, for example:
(fancyhdr)                \setlength{\headheight}{22.48892pt}.
(fancyhdr)                You might also make \topmargin smaller to compensate:

(fancyhdr)                \addtolength{\topmargin}{-10.48892pt}.

[31 <./rys/pu/6.png> <./rys/pu/3.png>]

Package fancyhdr Warning: \headheight is too small (12.0pt): 
(fancyhdr)                Make it at least 22.48892pt, for example:
(fancyhdr)                \setlength{\headheight}{22.48892pt}.
(fancyhdr)                You might also make \topmargin smaller to compensate:

(fancyhdr)                \addtolength{\topmargin}{-10.48892pt}.

[32{c:/texlive/2023/texmf-dist/fonts/enc/dvips/pl/plsc.enc}] (./dokument.lof)
\tf@lof=\write7
\openout7 = `dokument.lof'.



Package fancyhdr Warning: \headheight is too small (12.0pt): 
(fancyhdr)                Make it at least 22.48892pt, for example:
(fancyhdr)                \setlength{\headheight}{22.48892pt}.
(fancyhdr)                You might also make \topmargin smaller to compensate:

(fancyhdr)                \addtolength{\topmargin}{-10.48892pt}.

[33

] (./dokument.lot)
\tf@lot=\write8
\openout8 = `dokument.lot'.



Package fancyhdr Warning: \headheight is too small (12.0pt): 
(fancyhdr)                Make it at least 22.48892pt, for example:
(fancyhdr)                \setlength{\headheight}{22.48892pt}.
(fancyhdr)                You might also make \topmargin smaller to compensate:

(fancyhdr)                \addtolength{\topmargin}{-10.48892pt}.

[34] (./dokument.lol)
\tf@lol=\write9
\openout9 = `dokument.lol'.



Package todo Warning: Nothing \todo! I'm ignoring the \todos command on input l
ine 104.


Package fancyhdr Warning: \headheight is too small (12.0pt): 
(fancyhdr)                Make it at least 22.48892pt, for example:
(fancyhdr)                \setlength{\headheight}{22.48892pt}.
(fancyhdr)                You might also make \topmargin smaller to compensate:

(fancyhdr)                \addtolength{\topmargin}{-10.48892pt}.

[35] (./dokument.aux)
 ***********
LaTeX2e <2023-11-01>
L3 programming layer <2024-01-04>
 ***********


LaTeX Warning: There were multiply-defined labels.

Package rerunfilecheck Info: File `dokument.out' has not changed.
(rerunfilecheck)             Checksum: 711B60686E8667F12A2A449A765A084E;3494.
Package logreq Info: Writing requests to 'dokument.run.xml'.
\openout1 = `dokument.run.xml'.

 ) 
Here is how much of TeX's memory you used:
 25426 strings out of 474165
 428819 string characters out of 5749497
 2161528 words of memory out of 5000000
 46995 multiletter control sequences out of 15000+600000
 574138 words of font info for 80 fonts, out of 8000000 for 9000
 1142 hyphenation exceptions out of 8191
 80i,12n,84p,731b,1991s stack positions out of 10000i,1000n,20000p,200000b,200000s
<c:/texlive/2023/texmf-dist/fonts/type1/public/amsfonts/cm/cmmi12.pfb><c:/tex
live/2023/texmf-dist/fonts/type1/public/amsfonts/cm/cmr12.pfb><c:/texlive/2023/
texmf-dist/fonts/type1/public/amsfonts/cm/cmsy10.pfb><c:/texlive/2023/texmf-dis
t/fonts/type1/public/pl/plbx10.pfb><c:/texlive/2023/texmf-dist/fonts/type1/publ
ic/pl/plbx12.pfb><c:/texlive/2023/texmf-dist/fonts/type1/public/pl/plcsc10.pfb>
<c:/texlive/2023/texmf-dist/fonts/type1/public/pl/plr10.pfb><c:/texlive/2023/te
xmf-dist/fonts/type1/public/pl/plr12.pfb><c:/texlive/2023/texmf-dist/fonts/type
1/public/pl/plr17.pfb><c:/texlive/2023/texmf-dist/fonts/type1/public/pl/plr6.pf
b><c:/texlive/2023/texmf-dist/fonts/type1/public/pl/plr8.pfb><c:/texlive/2023/t
exmf-dist/fonts/type1/public/pl/plss12.pfb><c:/texlive/2023/texmf-dist/fonts/ty
pe1/public/pl/plssbx10.pfb><c:/texlive/2023/texmf-dist/fonts/type1/public/pl/pl
ti10.pfb><c:/texlive/2023/texmf-dist/fonts/type1/public/pl/plti12.pfb><c:/texli
ve/2023/texmf-dist/fonts/type1/public/pl/pltt10.pfb><c:/texlive/2023/texmf-dist
/fonts/type1/public/pl/pltt12.pfb><c:/texlive/2023/texmf-dist/fonts/type1/publi
c/cm-super/sfrm1200.pfb>
Output written on dokument.pdf (35 pages, 2022656 bytes).
PDF statistics:
 828 PDF objects out of 1000 (max. 8388607)
 710 compressed objects within 8 object streams
 360 named destinations out of 1000 (max. 500000)
 272 words of extra memory for PDF output out of 10000 (max. 10000000)

